<?xml version="1.0" encoding="UTF-8"?>
<testng-results skipped="0" failed="0" ignored="0" total="1" passed="1">
  <reporter-output>
    <line>
      <![CDATA[Found Flights Button /n]]>
    </line>
    <line>
      <![CDATA[Found Search Button]]>
    </line>
  </reporter-output>
  <suite name="FirstOne" duration-ms="17341" started-at="2017-04-17T21:18:03Z" finished-at="2017-04-17T21:18:21Z">
    <groups>
    </groups>
    <test name="FirefoxTest" duration-ms="17341" started-at="2017-04-17T21:18:03Z" finished-at="2017-04-17T21:18:21Z">
      <class name="TestNGPackage.TestNGTraining">
        <test-method status="PASS" signature="beforeTest()[pri:0, instance:TestNGPackage.TestNGTraining@3532ec19]" name="beforeTest" is-config="true" duration-ms="14526" started-at="2017-04-17T16:18:03Z" finished-at="2017-04-17T16:18:18Z">
          <reporter-output>
          </reporter-output>
        </test-method> <!-- beforeTest -->
        <test-method status="PASS" signature="fillForm(java.lang.String, java.lang.String)[pri:0, instance:TestNGPackage.TestNGTraining@3532ec19]" name="fillForm" duration-ms="1097" started-at="2017-04-17T16:18:18Z" finished-at="2017-04-17T16:18:19Z">
          <params>
            <param index="0">
              <value>
                <![CDATA[MTY]]>
              </value>
            </param>
            <param index="1">
              <value>
                <![CDATA[Mumbai]]>
              </value>
            </param>
          </params>
          <reporter-output>
            <line>
              <![CDATA[Found Flights Button /n]]>
            </line>
            <line>
              <![CDATA[Found Search Button]]>
            </line>
          </reporter-output>
        </test-method> <!-- fillForm -->
        <test-method status="PASS" signature="afterTest()[pri:0, instance:TestNGPackage.TestNGTraining@3532ec19]" name="afterTest" is-config="true" duration-ms="1696" started-at="2017-04-17T16:18:19Z" finished-at="2017-04-17T16:18:21Z">
          <reporter-output>
          </reporter-output>
        </test-method> <!-- afterTest -->
      </class> <!-- TestNGPackage.TestNGTraining -->
    </test> <!-- FirefoxTest -->
  </suite> <!-- FirstOne -->
</testng-results>
